# Activity Log

## Run Summary
- 2026-02-12 02:03:14 | run=20260212-015711-11780 | iter=1 | mode=build | story=US-009 | duration=363s | status=success
- 2026-02-12 01:33:36 | run=20260212-013208-22035 | iter=1 | mode=build | story=US-008 | duration=88s | status=success
- 2026-02-12 01:11:23 | run=20260212-005705-93020 | iter=3 | mode=build | story=US-008 | duration=390s | status=success
- 2026-02-12 01:04:51 | run=20260212-005705-93020 | iter=2 | mode=build | story=US-008 | duration=415s | status=success
- 2026-02-12 00:57:54 | run=20260212-005705-93020 | iter=1 | mode=build | story=US-007 | duration=49s | status=success
- 2026-02-12 00:35:42 | run=20260212-002201-62073 | iter=3 | mode=build | story=US-007 | duration=371s | status=success
- 2026-02-12 00:29:29 | run=20260212-002201-62073 | iter=2 | mode=build | story=US-007 | duration=258s | status=success
- 2026-02-12 00:25:09 | run=20260212-002201-62073 | iter=1 | mode=build | story=US-006 | duration=188s | status=success
- 2026-02-12 00:01:06 | run=20260211-235158-44184 | iter=2 | mode=build | story=US-006 | duration=308s | status=success
- 2026-02-11 23:55:56 | run=20260211-235158-44184 | iter=1 | mode=build | story=US-005 | duration=238s | status=success
- 2026-02-11 23:32:11 | run=20260211-231655-90697 | iter=3 | mode=build | story=US-005 | duration=268s | status=success
- 2026-02-11 23:27:41 | run=20260211-231655-90697 | iter=2 | mode=build | story=US-004 | duration=279s | status=success
- 2026-02-11 23:23:00 | run=20260211-231655-90697 | iter=1 | mode=build | story=US-004 | duration=365s | status=success
- 2026-02-11 22:52:40 | run=20260211-222651-38074 | iter=5 | mode=build | story=US-003 | duration=311s | status=success
- 2026-02-11 22:47:26 | run=20260211-222651-38074 | iter=4 | mode=build | story=US-003 | duration=276s | status=success
- 2026-02-11 22:42:48 | run=20260211-222651-38074 | iter=3 | mode=build | story=US-003 | duration=207s | status=success
- 2026-02-11 22:39:19 | run=20260211-222651-38074 | iter=2 | mode=build | story=US-002 | duration=301s | status=success
- 2026-02-11 22:34:16 | run=20260211-222651-38074 | iter=1 | mode=build | story=US-002 | duration=445s | status=success
- 2026-02-11 22:01:18 | run=20260211-214117-98877 | iter=3 | mode=build | story=US-001 | duration=404s | status=success
- 2026-02-11 21:54:32 | run=20260211-214117-98877 | iter=2 | mode=build | story=US-001 | duration=432s | status=success
- 2026-02-11 21:47:18 | run=20260211-214117-98877 | iter=1 | mode=build | story=US-001 | duration=361s | status=success
- 2026-02-11 21:40:58 | run=20260211-214058-97245 | iter=1 | mode=build | story=US-001 | duration=0s | status=success

## Events
[2026-02-11 21:40:58] ITERATION 1 start (mode=build story=US-001)
[2026-02-11 21:40:58] ITERATION 1 end (duration=0s)
[2026-02-11 21:41:17] ITERATION 1 start (mode=build story=US-001)
[2026-02-11 21:47:18] ITERATION 1 end (duration=361s)
[2026-02-11 21:47:20] ITERATION 2 start (mode=build story=US-001)
[2026-02-11 21:54:32] ITERATION 2 end (duration=432s)
[2026-02-11 21:54:34] ITERATION 3 start (mode=build story=US-001)
[2026-02-11 22:01:18] ITERATION 3 end (duration=404s)
[2026-02-11 22:01:21] ITERATION 4 start (mode=build story=US-002)
[2026-02-11 22:26:51] ITERATION 1 start (mode=build story=US-002)
[2026-02-11 22:34:16] ITERATION 1 end (duration=445s)
[2026-02-11 22:34:18] ITERATION 2 start (mode=build story=US-002)
[2026-02-11 22:39:19] ITERATION 2 end (duration=301s)
[2026-02-11 22:39:21] ITERATION 3 start (mode=build story=US-003)
[2026-02-11 22:42:48] ITERATION 3 end (duration=207s)
[2026-02-11 22:42:50] ITERATION 4 start (mode=build story=US-003)
[2026-02-11 22:47:26] ITERATION 4 end (duration=276s)
[2026-02-11 22:47:28] ITERATION 5 start (mode=build story=US-003)
[2026-02-11 22:52:39] ITERATION 5 end (duration=311s)
[2026-02-11 22:52:42] ITERATION 6 start (mode=build story=US-004)
[2026-02-11 22:53:08] ITERATION 6 start (mode=build story=US-004)
[2026-02-11 23:16:55] ITERATION 1 start (mode=build story=US-004)
[2026-02-11 23:17:27] Pass 2/3 Quality Review start for US-004
[2026-02-11 23:22:54] Pass 2/3 Quality Review complete for US-004 — commit 9a08bed — no code changes needed
[2026-02-11 23:23:00] ITERATION 1 end (duration=365s)
[2026-02-11 23:23:02] ITERATION 2 start (mode=build story=US-004)
[2026-02-11 23:27:41] ITERATION 2 end (duration=279s)
[2026-02-11 23:27:43] ITERATION 3 start (mode=build story=US-005)
[2026-02-11 23:28:12] ITERATION 3 start (mode=build story=US-005) Pass 1/3 Implementation
[2026-02-11 23:32:11] ITERATION 3 end (duration=268s)
[2026-02-11 23:32:13] ITERATION 4 start (mode=build story=US-005)
[2026-02-11 23:51:58] ITERATION 1 start (mode=build story=US-005)
[2026-02-11 23:55:56] ITERATION 1 end (duration=238s)
[2026-02-11 23:55:59] ITERATION 2 start (mode=build story=US-006)
[2026-02-12 00:01:06] ITERATION 2 end (duration=308s)
[2026-02-12 00:01:09] ITERATION 3 start (mode=build story=US-006)
[2026-02-12 00:22:02] ITERATION 1 start (mode=build story=US-006)
[2026-02-12 00:25:09] ITERATION 1 end (duration=188s)
[2026-02-12 00:25:11] ITERATION 2 start (mode=build story=US-007)
[2026-02-12 00:29:29] ITERATION 2 end (duration=258s)
[2026-02-12 00:29:31] ITERATION 3 start (mode=build story=US-007)
[2026-02-12 00:35:42] ITERATION 3 end (duration=371s)
[2026-02-12 00:35:44] ITERATION 4 start (mode=build story=US-007)
[2026-02-12 00:57:05] ITERATION 1 start (mode=build story=US-007)
[2026-02-12 00:57:49] Story US-007 already complete (3/3 passes done in prior run). Verifying and re-signaling.
[2026-02-12 00:57:54] ITERATION 1 end (duration=49s)
[2026-02-12 00:57:56] ITERATION 2 start (mode=build story=US-008)
[2026-02-12 01:04:51] ITERATION 2 end (duration=415s)
[2026-02-12 01:04:53] ITERATION 3 start (mode=build story=US-008)
[2026-02-12 01:11:23] ITERATION 3 end (duration=390s)
[2026-02-12 01:11:25] ITERATION 4 start (mode=build story=US-008)
[2026-02-12 01:32:08] ITERATION 1 start (mode=build story=US-008)
[2026-02-12 01:33:36] ITERATION 1 end (duration=88s)
[2026-02-12 01:33:38] ITERATION 2 start (mode=build story=US-009)
[2026-02-12 01:57:11] ITERATION 1 start (mode=build story=US-009)
[2026-02-12 02:03:14] ITERATION 1 end (duration=363s)
[2026-02-12 02:03:16] ITERATION 2 start (mode=build story=US-009)
[2026-02-12 02:03:44] ITERATION 2 start (mode=build story=US-009) Pass 3/3 Polish & Finalize
